# JRE version: Java(TM) SE Runtime Environment (8.0_73-b02) (build 1.8.0_73-b02)
# Java VM: Java HotSpot(TM) 64-Bit Server VM (25.73-b02 mixed mode windows-amd64 compressed oops)
Heap:
 PSYoungGen      total 156160K, used 101902K [0x00000000eab00000, 0x00000000f5a80000, 0x0000000100000000)
  eden space 135168K, 72% used [0x00000000eab00000,0x00000000f0a8b9b0,0x00000000f2f00000)
  from space 20992K, 19% used [0x00000000f4300000,0x00000000f46f7f60,0x00000000f5780000)
  to   space 20480K, 0% used [0x00000000f2f00000,0x00000000f2f00000,0x00000000f4300000)
 ParOldGen       total 92672K, used 52354K [0x00000000c0000000, 0x00000000c5a80000, 0x00000000eab00000)
  object space 92672K, 56% used [0x00000000c0000000,0x00000000c3320a98,0x00000000c5a80000)
 Metaspace       used 59892K, capacity 61346K, committed 61440K, reserved 1103872K
  class space    used 7595K, capacity 7920K, committed 7936K, reserved 1048576K
GC Heap History (10 events):
Event: 601.969 GC heap before
{Heap before GC invocations=15 (full 3):
 PSYoungGen      total 118272K, used 111616K [0x00000000eab00000, 0x00000000f3100000, 0x0000000100000000)
  eden space 111616K, 100% used [0x00000000eab00000,0x00000000f1800000,0x00000000f1800000)
  from space 6656K, 0% used [0x00000000f2280000,0x00000000f2280000,0x00000000f2900000)
  to   space 8192K, 0% used [0x00000000f2900000,0x00000000f2900000,0x00000000f3100000)
 ParOldGen       total 92672K, used 29648K [0x00000000c0000000, 0x00000000c5a80000, 0x00000000eab00000)
  object space 92672K, 31% used [0x00000000c0000000,0x00000000c1cf4258,0x00000000c5a80000)
 Metaspace       used 43055K, capacity 44436K, committed 44672K, reserved 1087488K
  class space    used 5891K, capacity 6208K, committed 6272K, reserved 1048576K
Event: 601.977 GC heap after
Heap after GC invocations=15 (full 3):
 PSYoungGen      total 124928K, used 8179K [0x00000000eab00000, 0x00000000f4a00000, 0x0000000100000000)
  eden space 116736K, 0% used [0x00000000eab00000,0x00000000eab00000,0x00000000f1d00000)
  from space 8192K, 99% used [0x00000000f2900000,0x00000000f30fcd20,0x00000000f3100000)
  to   space 12288K, 0% used [0x00000000f1d00000,0x00000000f1d00000,0x00000000f2900000)
 ParOldGen       total 92672K, used 29984K [0x00000000c0000000, 0x00000000c5a80000, 0x00000000eab00000)
  object space 92672K, 32% used [0x00000000c0000000,0x00000000c1d48258,0x00000000c5a80000)
 Metaspace       used 43055K, capacity 44436K, committed 44672K, reserved 1087488K
  class space    used 5891K, capacity 6208K, committed 6272K, reserved 1048576K
}
Event: 604.611 GC heap before
{Heap before GC invocations=16 (full 3):
 PSYoungGen      total 124928K, used 124915K [0x00000000eab00000, 0x00000000f4a00000, 0x0000000100000000)
  eden space 116736K, 100% used [0x00000000eab00000,0x00000000f1d00000,0x00000000f1d00000)
  from space 8192K, 99% used [0x00000000f2900000,0x00000000f30fcd20,0x00000000f3100000)
  to   space 12288K, 0% used [0x00000000f1d00000,0x00000000f1d00000,0x00000000f2900000)
 ParOldGen       total 92672K, used 29984K [0x00000000c0000000, 0x00000000c5a80000, 0x00000000eab00000)
  object space 92672K, 32% used [0x00000000c0000000,0x00000000c1d48258,0x00000000c5a80000)
 Metaspace       used 44451K, capacity 45882K, committed 46080K, reserved 1089536K
  class space    used 6048K, capacity 6369K, committed 6400K, reserved 1048576K
Event: 604.619 GC heap after
Heap after GC invocations=16 (full 3):
 PSYoungGen      total 115712K, used 2425K [0x00000000eab00000, 0x00000000f3280000, 0x0000000100000000)
  eden space 113152K, 0% used [0x00000000eab00000,0x00000000eab00000,0x00000000f1980000)
  from space 2560K, 94% used [0x00000000f1d00000,0x00000000f1f5e4e0,0x00000000f1f80000)
  to   space 12800K, 0% used [0x00000000f2600000,0x00000000f2600000,0x00000000f3280000)
 ParOldGen       total 92672K, used 34615K [0x00000000c0000000, 0x00000000c5a80000, 0x00000000eab00000)
  object space 92672K, 37% used [0x00000000c0000000,0x00000000c21cde10,0x00000000c5a80000)
 Metaspace       used 44451K, capacity 45882K, committed 46080K, reserved 1089536K
  class space    used 6048K, capacity 6369K, committed 6400K, reserved 1048576K
}
Event: 607.159 GC heap before
{Heap before GC invocations=17 (full 3):
 PSYoungGen      total 115712K, used 115577K [0x00000000eab00000, 0x00000000f3280000, 0x0000000100000000)
  eden space 113152K, 100% used [0x00000000eab00000,0x00000000f1980000,0x00000000f1980000)
  from space 2560K, 94% used [0x00000000f1d00000,0x00000000f1f5e4e0,0x00000000f1f80000)
  to   space 12800K, 0% used [0x00000000f2600000,0x00000000f2600000,0x00000000f3280000)
 ParOldGen       total 92672K, used 34615K [0x00000000c0000000, 0x00000000c5a80000, 0x00000000eab00000)
  object space 92672K, 37% used [0x00000000c0000000,0x00000000c21cde10,0x00000000c5a80000)
 Metaspace       used 53308K, capacity 54724K, committed 54784K, reserved 1097728K
  class space    used 7099K, capacity 7402K, committed 7424K, reserved 1048576K
Event: 607.173 GC heap after
Heap after GC invocations=17 (full 3):
 PSYoungGen      total 122880K, used 12784K [0x00000000eab00000, 0x00000000f3280000, 0x0000000100000000)
  eden space 110080K, 0% used [0x00000000eab00000,0x00000000eab00000,0x00000000f1680000)
  from space 12800K, 99% used [0x00000000f2600000,0x00000000f327c398,0x00000000f3280000)
  to   space 14336K, 0% used [0x00000000f1680000,0x00000000f1680000,0x00000000f2480000)
 ParOldGen       total 92672K, used 34977K [0x00000000c0000000, 0x00000000c5a80000, 0x00000000eab00000)
  object space 92672K, 37% used [0x00000000c0000000,0x00000000c22286a8,0x00000000c5a80000)
 Metaspace       used 53308K, capacity 54724K, committed 54784K, reserved 1097728K
  class space    used 7099K, capacity 7402K, committed 7424K, reserved 1048576K
}
Event: 608.148 GC heap before
{Heap before GC invocations=18 (full 3):
 PSYoungGen      total 122880K, used 122864K [0x00000000eab00000, 0x00000000f3280000, 0x0000000100000000)
  eden space 110080K, 100% used [0x00000000eab00000,0x00000000f1680000,0x00000000f1680000)
  from space 12800K, 99% used [0x00000000f2600000,0x00000000f327c398,0x00000000f3280000)
  to   space 14336K, 0% used [0x00000000f1680000,0x00000000f1680000,0x00000000f2480000)
 ParOldGen       total 92672K, used 34977K [0x00000000c0000000, 0x00000000c5a80000, 0x00000000eab00000)
  object space 92672K, 37% used [0x00000000c0000000,0x00000000c22286a8,0x00000000c5a80000)
 Metaspace       used 59042K, capacity 60484K, committed 60672K, reserved 1101824K
  class space    used 7539K, capacity 7850K, committed 7936K, reserved 1048576K
Event: 608.162 GC heap after
Heap after GC invocations=18 (full 3):
 PSYoungGen      total 124416K, used 14325K [0x00000000eab00000, 0x00000000f5780000, 0x0000000100000000)
  eden space 110080K, 0% used [0x00000000eab00000,0x00000000eab00000,0x00000000f1680000)
  from space 14336K, 99% used [0x00000000f1680000,0x00000000f247d7d0,0x00000000f2480000)
  to   space 20992K, 0% used [0x00000000f4300000,0x00000000f4300000,0x00000000f5780000)
 ParOldGen       total 92672K, used 47130K [0x00000000c0000000, 0x00000000c5a80000, 0x00000000eab00000)
  object space 92672K, 50% used [0x00000000c0000000,0x00000000c2e06b10,0x00000000c5a80000)
 Metaspace       used 59042K, capacity 60484K, committed 60672K, reserved 1101824K
  class space    used 7539K, capacity 7850K, committed 7936K, reserved 1048576K
}
Event: 608.759 GC heap before
{Heap before GC invocations=19 (full 3):
 PSYoungGen      total 124416K, used 124405K [0x00000000eab00000, 0x00000000f5780000, 0x0000000100000000)
  eden space 110080K, 100% used [0x00000000eab00000,0x00000000f1680000,0x00000000f1680000)
  from space 14336K, 99% used [0x00000000f1680000,0x00000000f247d7d0,0x00000000f2480000)
  to   space 20992K, 0% used [0x00000000f4300000,0x00000000f4300000,0x00000000f5780000)
 ParOldGen       total 92672K, used 47130K [0x00000000c0000000, 0x00000000c5a80000, 0x00000000eab00000)
  object space 92672K, 50% used [0x00000000c0000000,0x00000000c2e06b10,0x00000000c5a80000)
 Metaspace       used 59657K, capacity 61028K, committed 61184K, reserved 1101824K
  class space    used 7564K, capacity 7882K, committed 7936K, reserved 1048576K
Event: 608.771 GC heap after
Heap after GC invocations=19 (full 3):
 PSYoungGen      total 156160K, used 4063K [0x00000000eab00000, 0x00000000f5a80000, 0x0000000100000000)
  eden space 135168K, 0% used [0x00000000eab00000,0x00000000eab00000,0x00000000f2f00000)
  from space 20992K, 19% used [0x00000000f4300000,0x00000000f46f7f60,0x00000000f5780000)
  to   space 20480K, 0% used [0x00000000f2f00000,0x00000000f2f00000,0x00000000f4300000)
 ParOldGen       total 92672K, used 52354K [0x00000000c0000000, 0x00000000c5a80000, 0x00000000eab00000)
  object space 92672K, 56% used [0x00000000c0000000,0x00000000c3320a98,0x00000000c5a80000)
 Metaspace       used 59657K, capacity 61028K, committed 61184K, reserved 1101824K
  class space    used 7564K, capacity 7882K, committed 7936K, reserved 1048576K
}

